0 info it worked if it ends with ok
1 verbose cli [ '/usr/local/bin/node',
1 verbose cli   '/usr/local/bin/npm',
1 verbose cli   'install',
1 verbose cli   'angularjs' ]
2 info using npm@2.15.1
3 info using node@v4.4.4
4 verbose install initial load of /Users/zhanghao/work/imdba.github.io/package.json
5 warn package.json imdba.github.io@1.0.0 No README data
6 verbose installManyTop reading scoped package data from /Users/zhanghao/work/imdba.github.io/node_modules/bootstrap/package.json
7 verbose readDependencies loading dependencies from /Users/zhanghao/work/imdba.github.io/package.json
8 silly cache add args [ 'angularjs', null ]
9 verbose cache add spec angularjs
10 silly cache add parsed spec Result {
10 silly cache add   raw: 'angularjs',
10 silly cache add   scope: null,
10 silly cache add   name: 'angularjs',
10 silly cache add   rawSpec: '',
10 silly cache add   spec: 'latest',
10 silly cache add   type: 'tag' }
11 silly addNamed angularjs@latest
12 verbose addNamed "latest" is being treated as a dist-tag for angularjs
13 info addNameTag [ 'angularjs', 'latest' ]
14 silly mapToRegistry name angularjs
15 silly mapToRegistry using default registry
16 silly mapToRegistry registry https://registry.npmjs.org/
17 silly mapToRegistry data Result {
17 silly mapToRegistry   raw: 'angularjs',
17 silly mapToRegistry   scope: null,
17 silly mapToRegistry   name: 'angularjs',
17 silly mapToRegistry   rawSpec: '',
17 silly mapToRegistry   spec: 'latest',
17 silly mapToRegistry   type: 'tag' }
18 silly mapToRegistry uri https://registry.npmjs.org/angularjs
19 verbose addNameTag registry:https://registry.npmjs.org/angularjs not in flight; fetching
20 verbose request uri https://registry.npmjs.org/angularjs
21 verbose request no auth needed
22 info attempt registry request try #1 at 09:44:23
23 verbose request id 68ae60bcf7e1128a
24 http request GET https://registry.npmjs.org/angularjs
25 info retry will retry, error on last attempt: Error: tunneling socket could not be established, cause=connect ECONNREFUSED 127.0.0.1:38270
26 info attempt registry request try #2 at 09:44:33
27 http request GET https://registry.npmjs.org/angularjs
28 info retry will retry, error on last attempt: Error: tunneling socket could not be established, cause=connect ECONNREFUSED 127.0.0.1:38270
29 info attempt registry request try #3 at 09:45:33
30 http request GET https://registry.npmjs.org/angularjs
31 verbose stack Error: tunneling socket could not be established, cause=connect ECONNREFUSED 127.0.0.1:38270
31 verbose stack     at ClientRequest.onError (/usr/local/lib/node_modules/npm/node_modules/request/node_modules/tunnel-agent/index.js:176:17)
31 verbose stack     at ClientRequest.g (events.js:260:16)
31 verbose stack     at emitOne (events.js:77:13)
31 verbose stack     at ClientRequest.emit (events.js:169:7)
31 verbose stack     at Socket.socketErrorListener (_http_client.js:256:9)
31 verbose stack     at emitOne (events.js:77:13)
31 verbose stack     at Socket.emit (events.js:169:7)
31 verbose stack     at emitErrorNT (net.js:1253:8)
31 verbose stack     at nextTickCallbackWith2Args (node.js:442:9)
31 verbose stack     at process._tickCallback (node.js:356:17)
32 verbose cwd /Users/zhanghao/work/imdba.github.io
33 error Darwin 15.5.0
34 error argv "/usr/local/bin/node" "/usr/local/bin/npm" "install" "angularjs"
35 error node v4.4.4
36 error npm  v2.15.1
37 error code ECONNRESET
38 error network tunneling socket could not be established, cause=connect ECONNREFUSED 127.0.0.1:38270
38 error network This is most likely not a problem with npm itself
38 error network and is related to network connectivity.
38 error network In most cases you are behind a proxy or have bad network settings.
38 error network
38 error network If you are behind a proxy, please make sure that the
38 error network 'proxy' config is set properly.  See: 'npm help config'
39 verbose exit [ 1, true ]
